[18:37:07] [ServerMain/INFO]: Environment: authHost='https://authserver.mojang.com', accountsHost='https://api.mojang.com', sessionHost='https://sessionserver.mojang.com', servicesHost='https://api.minecraftservices.com', name='PROD'
[18:37:08] [ServerMain/INFO]: Loaded 7 recipes
[18:37:08] [ServerMain/INFO]: Loaded 1271 advancements
[18:37:09] [Server thread/INFO]: Starting minecraft server version 1.20.1
[18:37:09] [Server thread/INFO]: Loading properties
[18:37:09] [Server thread/INFO]: Default game type: SURVIVAL
[18:37:09] [Server thread/INFO]: Generating keypair
[18:37:09] [Server thread/INFO]: Starting Minecraft server on *:25565
[18:37:09] [Server thread/INFO]: Using epoll channel type
[18:37:09] [Server thread/WARN]: **** SERVER IS RUNNING IN OFFLINE/INSECURE MODE!
[18:37:09] [Server thread/WARN]: The server will make no attempt to authenticate usernames. Beware.
[18:37:09] [Server thread/WARN]: While this makes the game possible to play without internet access, it also opens up the ability for hackers to connect with any username they choose.
[18:37:09] [Server thread/WARN]: To change this, set "online-mode" to "true" in the server.properties file.
[18:37:09] [Server thread/INFO]: Preparing level "world"
[18:37:15] [Server thread/INFO]: Preparing start region for dimension minecraft:overworld
[18:37:15] [Worker-Main-1/INFO]: Preparing spawn area: 0%
[18:37:15] [Worker-Main-1/INFO]: Preparing spawn area: 0%
[18:37:16] [Worker-Main-1/INFO]: Preparing spawn area: 0%
[18:37:16] [Worker-Main-3/INFO]: Preparing spawn area: 0%
[18:37:17] [Worker-Main-2/INFO]: Preparing spawn area: 0%
[18:37:17] [Worker-Main-3/INFO]: Preparing spawn area: 0%
[18:37:18] [Worker-Main-3/INFO]: Preparing spawn area: 0%
[18:37:18] [Worker-Main-1/INFO]: Preparing spawn area: 1%
[18:37:19] [Worker-Main-3/INFO]: Preparing spawn area: 2%
[18:37:19] [Worker-Main-3/INFO]: Preparing spawn area: 3%
[18:37:20] [Worker-Main-3/INFO]: Preparing spawn area: 5%
[18:37:20] [Worker-Main-1/INFO]: Preparing spawn area: 6%
[18:37:21] [Worker-Main-2/INFO]: Preparing spawn area: 7%
[18:37:21] [Worker-Main-1/INFO]: Preparing spawn area: 9%
[18:37:22] [Worker-Main-2/INFO]: Preparing spawn area: 10%
[18:37:22] [Worker-Main-3/INFO]: Preparing spawn area: 12%
[18:37:23] [Worker-Main-2/INFO]: Preparing spawn area: 14%
[18:37:23] [Worker-Main-1/INFO]: Preparing spawn area: 16%
[18:37:24] [Worker-Main-1/INFO]: Preparing spawn area: 17%
[18:37:24] [Worker-Main-1/INFO]: Preparing spawn area: 20%
[18:37:25] [Worker-Main-3/INFO]: Preparing spawn area: 22%
[18:37:25] [Worker-Main-2/INFO]: Preparing spawn area: 24%
[18:37:26] [Worker-Main-3/INFO]: Preparing spawn area: 26%
[18:37:26] [Worker-Main-3/INFO]: Preparing spawn area: 28%
[18:37:27] [Worker-Main-3/INFO]: Preparing spawn area: 29%
[18:37:27] [Worker-Main-3/INFO]: Preparing spawn area: 31%
[18:37:28] [Worker-Main-2/INFO]: Preparing spawn area: 33%
[18:37:28] [Worker-Main-1/INFO]: Preparing spawn area: 35%
[18:37:29] [Worker-Main-2/INFO]: Preparing spawn area: 38%
[18:37:29] [Worker-Main-1/INFO]: Preparing spawn area: 41%
[18:37:30] [Worker-Main-3/INFO]: Preparing spawn area: 43%
[18:37:30] [Worker-Main-1/INFO]: Preparing spawn area: 45%
[18:37:31] [Worker-Main-2/INFO]: Preparing spawn area: 47%
[18:37:31] [Worker-Main-1/INFO]: Preparing spawn area: 51%
[18:37:32] [Worker-Main-1/INFO]: Preparing spawn area: 54%
[18:37:32] [Worker-Main-3/INFO]: Preparing spawn area: 55%
[18:37:33] [Worker-Main-1/INFO]: Preparing spawn area: 58%
[18:37:33] [Worker-Main-3/INFO]: Preparing spawn area: 60%
[18:37:34] [Worker-Main-2/INFO]: Preparing spawn area: 63%
[18:37:34] [Worker-Main-2/INFO]: Preparing spawn area: 67%
[18:37:35] [Worker-Main-2/INFO]: Preparing spawn area: 68%
[18:37:35] [Worker-Main-2/INFO]: Preparing spawn area: 70%
[18:37:36] [Worker-Main-2/INFO]: Preparing spawn area: 73%
[18:37:36] [Worker-Main-3/INFO]: Preparing spawn area: 77%
[18:37:37] [Worker-Main-1/INFO]: Preparing spawn area: 81%
[18:37:37] [Worker-Main-1/INFO]: Preparing spawn area: 83%
[18:37:38] [Worker-Main-1/INFO]: Preparing spawn area: 85%
[18:37:38] [Worker-Main-2/INFO]: Preparing spawn area: 88%
[18:37:39] [Worker-Main-3/INFO]: Preparing spawn area: 91%
[18:37:39] [Worker-Main-2/INFO]: Preparing spawn area: 94%
[18:37:40] [Worker-Main-3/INFO]: Preparing spawn area: 97%
[18:37:40] [Server thread/INFO]: Time elapsed: 25314 ms
[18:37:40] [Server thread/INFO]: Done (30.894s)! For help, type "help"
[18:37:49] [Server thread/INFO]: sof_memeXD[/127.119.114.187:44121] logged in with entity id 187 at (12.5, 91.0, -10.5)
[18:37:49] [Server thread/INFO]: sof_memeXD joined the game
[18:38:10] [Server thread/INFO]: [Not Secure] <sof_memeXD> aa
[18:38:23] [Server thread/INFO]: Unknown or incomplete command, see below for error
[18:38:23] [Server thread/INFO]: a<--[HERE]
[18:38:29] [Server thread/INFO]: Made sof_memeXD a server operator
[18:38:32] [Server thread/INFO]: [sof_memeXD: Set own game mode to Creative Mode]
[18:41:57] [Server thread/WARN]: sof_memeXD moved too quickly! 8.296022423548848,1.6780522266798101,-5.923856188059574
[18:42:23] [Server thread/INFO]: sof_memeXD has made the advancement [Ice Bucket Challenge]
[18:46:25] [Server thread/INFO]: sof_memeXD lost connection: Disconnected
[18:46:25] [Server thread/INFO]: sof_memeXD left the game
[18:49:04] [Server thread/INFO]: sof_memeXD[/127.119.114.187:58885] logged in with entity id 3410 at (243.21114109593046, 69.0, -690.4213889023615)
[18:49:04] [Server thread/INFO]: sof_memeXD joined the game
[18:50:05] [Server thread/INFO]: sof_memeXD lost connection: Timed out
[18:50:05] [Server thread/INFO]: sof_memeXD left the game
